androidApp/build/intermediates/manifest_merge_blame_file/debug/processDebugMainManifest/manifest-merger-blame-debug-report.txt
1<?xml version="1.0" encoding="utf-8"?>
2<manifest xmlns:android="http://schemas.android.com/apk/res/android"
3    package="com.boomingarage.android"
4    android:versionCode="1"
5    android:versionName="1.0.0" >
6
7    <uses-sdk
8        android:minSdkVersion="26"
9        android:targetSdkVersion="35" />
10
11    <uses-permission android:name="android.permission.INTERNET" />
11-->src/main/AndroidManifest.xml:4:5-67
11-->src/main/AndroidManifest.xml:4:22-64
12    <uses-permission android:name="android.permission.ACCESS_FINE_LOCATION" />
12-->src/main/AndroidManifest.xml:5:5-79
12-->src/main/AndroidManifest.xml:5:22-76
13    <uses-permission android:name="android.permission.ACCESS_COARSE_LOCATION" />
13-->src/main/AndroidManifest.xml:6:5-81
13-->src/main/AndroidManifest.xml:6:22-78
14    <!-- See https://developer.android.com/training/package-visibility/declaring for more details. -->
15    <queries>
15-->[com.stripe:payments-core:21.19.0] AndroidManifest.xml:8:5-12:15
16
17        <!-- Added to check if Chrome is installed for browser-based payment authentication (e.g. 3DS1). -->
18        <package android:name="com.android.chrome" />
18-->[com.stripe:payments-core:21.19.0] AndroidManifest.xml:11:9-54
18-->[com.stripe:payments-core:21.19.0] AndroidManifest.xml:11:18-51
19        <!-- Needs to be explicitly declared on Android R+ -->
20        <package android:name="com.google.android.apps.maps" />
20-->[com.google.android.gms:play-services-maps:19.0.0] AndroidManifest.xml:33:9-64
20-->[com.google.android.gms:play-services-maps:19.0.0] AndroidManifest.xml:33:18-61
21    </queries> <!-- Include required permissions for Google Maps API to run. -->
22    <uses-permission android:name="android.permission.ACCESS_NETWORK_STATE" />
22-->[com.google.android.gms:play-services-maps:19.0.0] AndroidManifest.xml:23:5-79
22-->[com.google.android.gms:play-services-maps:19.0.0] AndroidManifest.xml:23:22-76
23
24    <uses-feature
24-->[com.google.android.gms:play-services-maps:19.0.0] AndroidManifest.xml:26:5-28:35
25        android:glEsVersion="0x00020000"
25-->[com.google.android.gms:play-services-maps:19.0.0] AndroidManifest.xml:27:9-41
26        android:required="true" />
26-->[com.google.android.gms:play-services-maps:19.0.0] AndroidManifest.xml:28:9-32
27
28    <permission
28-->[androidx.core:core:1.15.0] AndroidManifest.xml:22:5-24:47
29        android:name="com.boomingarage.android.DYNAMIC_RECEIVER_NOT_EXPORTED_PERMISSION"
29-->[androidx.core:core:1.15.0] AndroidManifest.xml:23:9-81
30        android:protectionLevel="signature" />
30-->[androidx.core:core:1.15.0] AndroidManifest.xml:24:9-44
31
32    <uses-permission android:name="com.boomingarage.android.DYNAMIC_RECEIVER_NOT_EXPORTED_PERMISSION" />
32-->[androidx.core:core:1.15.0] AndroidManifest.xml:26:5-97
32-->[androidx.core:core:1.15.0] AndroidManifest.xml:26:22-94
33    <uses-permission android:name="com.google.android.providers.gsf.permission.READ_GSERVICES" />
33-->[com.google.android.recaptcha:recaptcha:18.4.0] AndroidManifest.xml:9:5-98
33-->[com.google.android.recaptcha:recaptcha:18.4.0] AndroidManifest.xml:9:22-95
34
35    <application
35-->src/main/AndroidManifest.xml:8:5-29:19
36        android:name="com.boomingarage.android.BoominGarageApp"
36-->src/main/AndroidManifest.xml:9:9-40
37        android:allowBackup="true"
37-->src/main/AndroidManifest.xml:10:9-35
38        android:appComponentFactory="androidx.core.app.CoreComponentFactory"
38-->[androidx.core:core:1.15.0] AndroidManifest.xml:28:18-86
39        android:debuggable="true"
40        android:extractNativeLibs="false"
41        android:label="@string/app_name"
41-->src/main/AndroidManifest.xml:11:9-41
42        android:supportsRtl="true"
42-->src/main/AndroidManifest.xml:12:9-35
43        android:testOnly="true"
44        android:theme="@style/Theme.BoomingGarage" >
44-->src/main/AndroidManifest.xml:13:9-51
45
46        <!-- TODO: Uncomment once you have a Google Maps API key -->
47        <!--
48             <meta-data
49            android:name="com.google.android.geo.API_KEY"
50            android:value="${MAPS_API_KEY}" />
51        -->
52
53        <activity
53-->src/main/AndroidManifest.xml:20:9-28:20
54            android:name="com.boomingarage.android.MainActivity"
54-->src/main/AndroidManifest.xml:21:13-41
55            android:exported="true"
55-->src/main/AndroidManifest.xml:22:13-36
56            android:theme="@style/Theme.BoomingGarage" >
56-->src/main/AndroidManifest.xml:23:13-55
57            <intent-filter>
57-->src/main/AndroidManifest.xml:24:13-27:29
58                <action android:name="android.intent.action.MAIN" />
58-->src/main/AndroidManifest.xml:25:17-69
58-->src/main/AndroidManifest.xml:25:25-66
59
60                <category android:name="android.intent.category.LAUNCHER" />
60-->src/main/AndroidManifest.xml:26:17-77
60-->src/main/AndroidManifest.xml:26:27-74
61            </intent-filter>
62        </activity>
63        <activity
63-->[com.stripe:paymentsheet:21.19.0] AndroidManifest.xml:8:9-11:69
64            android:name="com.stripe.android.paymentsheet.PaymentSheetActivity"
64-->[com.stripe:paymentsheet:21.19.0] AndroidManifest.xml:9:13-80
65            android:exported="false"
65-->[com.stripe:paymentsheet:21.19.0] AndroidManifest.xml:10:13-37
66            android:theme="@style/StripePaymentSheetDefaultTheme" />
66-->[com.stripe:paymentsheet:21.19.0] AndroidManifest.xml:11:13-66
67        <activity
67-->[com.stripe:paymentsheet:21.19.0] AndroidManifest.xml:12:9-15:69
68            android:name="com.stripe.android.paymentsheet.PaymentOptionsActivity"
68-->[com.stripe:paymentsheet:21.19.0] AndroidManifest.xml:13:13-82
69            android:exported="false"
69-->[com.stripe:paymentsheet:21.19.0] AndroidManifest.xml:14:13-37
70            android:theme="@style/StripePaymentSheetDefaultTheme" />
70-->[com.stripe:paymentsheet:21.19.0] AndroidManifest.xml:15:13-66
71        <activity
71-->[com.stripe:paymentsheet:21.19.0] AndroidManifest.xml:16:9-19:69
72            android:name="com.stripe.android.customersheet.CustomerSheetActivity"
72-->[com.stripe:paymentsheet:21.19.0] AndroidManifest.xml:17:13-82
73            android:exported="false"
73-->[com.stripe:paymentsheet:21.19.0] AndroidManifest.xml:18:13-37
74            android:theme="@style/StripePaymentSheetDefaultTheme" />
74-->[com.stripe:paymentsheet:21.19.0] AndroidManifest.xml:19:13-66
75        <activity
75-->[com.stripe:paymentsheet:21.19.0] AndroidManifest.xml:20:9-23:69
76            android:name="com.stripe.android.paymentsheet.addresselement.AddressElementActivity"
76-->[com.stripe:paymentsheet:21.19.0] AndroidManifest.xml:21:13-97
77            android:exported="false"
77-->[com.stripe:paymentsheet:21.19.0] AndroidManifest.xml:22:13-37
78            android:theme="@style/StripePaymentSheetDefaultTheme" />
78-->[com.stripe:paymentsheet:21.19.0] AndroidManifest.xml:23:13-66
79        <activity
79-->[com.stripe:paymentsheet:21.19.0] AndroidManifest.xml:24:9-27:69
80            android:name="com.stripe.android.paymentsheet.paymentdatacollection.bacs.BacsMandateConfirmationActivity"
80-->[com.stripe:paymentsheet:21.19.0] AndroidManifest.xml:25:13-118
81            android:exported="false"
81-->[com.stripe:paymentsheet:21.19.0] AndroidManifest.xml:26:13-37
82            android:theme="@style/StripePaymentSheetDefaultTheme" />
82-->[com.stripe:paymentsheet:21.19.0] AndroidManifest.xml:27:13-66
83        <activity
83-->[com.stripe:paymentsheet:21.19.0] AndroidManifest.xml:28:9-31:69
84            android:name="com.stripe.android.paymentsheet.paymentdatacollection.polling.PollingActivity"
84-->[com.stripe:paymentsheet:21.19.0] AndroidManifest.xml:29:13-105
85            android:exported="false"
85-->[com.stripe:paymentsheet:21.19.0] AndroidManifest.xml:30:13-37
86            android:theme="@style/StripePaymentSheetDefaultTheme" />
86-->[com.stripe:paymentsheet:21.19.0] AndroidManifest.xml:31:13-66
87        <activity
87-->[com.stripe:paymentsheet:21.19.0] AndroidManifest.xml:32:9-35:69
88            android:name="com.stripe.android.paymentsheet.ui.SepaMandateActivity"
88-->[com.stripe:paymentsheet:21.19.0] AndroidManifest.xml:33:13-82
89            android:exported="false"
89-->[com.stripe:paymentsheet:21.19.0] AndroidManifest.xml:34:13-37
90            android:theme="@style/StripePaymentSheetDefaultTheme" />
90-->[com.stripe:paymentsheet:21.19.0] AndroidManifest.xml:35:13-66
91        <activity
91-->[com.stripe:paymentsheet:21.19.0] AndroidManifest.xml:36:9-39:68
92            android:name="com.stripe.android.paymentsheet.ExternalPaymentMethodProxyActivity"
92-->[com.stripe:paymentsheet:21.19.0] AndroidManifest.xml:37:13-94
93            android:exported="false"
93-->[com.stripe:paymentsheet:21.19.0] AndroidManifest.xml:38:13-37
94            android:theme="@style/StripePayLauncherDefaultTheme" />
94-->[com.stripe:paymentsheet:21.19.0] AndroidManifest.xml:39:13-65
95        <activity
95-->[com.stripe:paymentsheet:21.19.0] AndroidManifest.xml:40:9-43:68
96            android:name="com.stripe.android.paymentelement.confirmation.cpms.CustomPaymentMethodProxyActivity"
96-->[com.stripe:paymentsheet:21.19.0] AndroidManifest.xml:41:13-112
97            android:exported="false"
97-->[com.stripe:paymentsheet:21.19.0] AndroidManifest.xml:42:13-37
98            android:theme="@style/StripePayLauncherDefaultTheme" />
98-->[com.stripe:paymentsheet:21.19.0] AndroidManifest.xml:43:13-65
99        <activity
99-->[com.stripe:paymentsheet:21.19.0] AndroidManifest.xml:44:9-46:69
100            android:name="com.stripe.android.paymentsheet.paymentdatacollection.cvcrecollection.CvcRecollectionActivity"
100-->[com.stripe:paymentsheet:21.19.0] AndroidManifest.xml:45:13-121
101            android:theme="@style/StripePaymentSheetDefaultTheme" />
101-->[com.stripe:paymentsheet:21.19.0] AndroidManifest.xml:46:13-66
102        <activity
102-->[com.stripe:paymentsheet:21.19.0] AndroidManifest.xml:47:9-49:69
103            android:name="com.stripe.android.paymentelement.embedded.form.FormActivity"
103-->[com.stripe:paymentsheet:21.19.0] AndroidManifest.xml:48:13-88
104            android:theme="@style/StripePaymentSheetDefaultTheme" />
104-->[com.stripe:paymentsheet:21.19.0] AndroidManifest.xml:49:13-66
105        <activity
105-->[com.stripe:paymentsheet:21.19.0] AndroidManifest.xml:50:9-52:69
106            android:name="com.stripe.android.paymentelement.embedded.manage.ManageActivity"
106-->[com.stripe:paymentsheet:21.19.0] AndroidManifest.xml:51:13-92
107            android:theme="@style/StripePaymentSheetDefaultTheme" />
107-->[com.stripe:paymentsheet:21.19.0] AndroidManifest.xml:52:13-66
108        <activity
108-->[com.stripe:paymentsheet:21.19.0] AndroidManifest.xml:53:9-58:69
109            android:name="com.stripe.android.link.LinkActivity"
109-->[com.stripe:paymentsheet:21.19.0] AndroidManifest.xml:54:13-64
110            android:autoRemoveFromRecents="true"
110-->[com.stripe:paymentsheet:21.19.0] AndroidManifest.xml:55:13-49
111            android:exported="false"
111-->[com.stripe:paymentsheet:21.19.0] AndroidManifest.xml:56:13-37
112            android:label="@string/stripe_link"
112-->[com.stripe:paymentsheet:21.19.0] AndroidManifest.xml:57:13-48
113            android:theme="@style/StripePaymentSheetDefaultTheme" />
113-->[com.stripe:paymentsheet:21.19.0] AndroidManifest.xml:58:13-66
114        <activity
114-->[com.stripe:paymentsheet:21.19.0] AndroidManifest.xml:59:9-64:61
115            android:name="com.stripe.android.link.LinkForegroundActivity"
115-->[com.stripe:paymentsheet:21.19.0] AndroidManifest.xml:60:13-74
116            android:autoRemoveFromRecents="true"
116-->[com.stripe:paymentsheet:21.19.0] AndroidManifest.xml:61:13-49
117            android:configChanges="orientation|keyboard|keyboardHidden|screenLayout|screenSize|smallestScreenSize"
117-->[com.stripe:paymentsheet:21.19.0] AndroidManifest.xml:62:13-115
118            android:launchMode="singleTop"
118-->[com.stripe:paymentsheet:21.19.0] AndroidManifest.xml:63:13-43
119            android:theme="@style/StripeTransparentTheme" />
119-->[com.stripe:paymentsheet:21.19.0] AndroidManifest.xml:64:13-58
120        <activity
120-->[com.stripe:paymentsheet:21.19.0] AndroidManifest.xml:65:9-82:20
121            android:name="com.stripe.android.link.LinkRedirectHandlerActivity"
121-->[com.stripe:paymentsheet:21.19.0] AndroidManifest.xml:66:13-79
122            android:autoRemoveFromRecents="true"
122-->[com.stripe:paymentsheet:21.19.0] AndroidManifest.xml:67:13-49
123            android:exported="true"
123-->[com.stripe:paymentsheet:21.19.0] AndroidManifest.xml:68:13-36
124            android:launchMode="singleInstance"
124-->[com.stripe:paymentsheet:21.19.0] AndroidManifest.xml:69:13-48
125            android:theme="@style/StripeTransparentTheme" >
125-->[com.stripe:paymentsheet:21.19.0] AndroidManifest.xml:70:13-58
126            <intent-filter>
126-->[com.stripe:paymentsheet:21.19.0] AndroidManifest.xml:71:13-81:29
127                <action android:name="android.intent.action.VIEW" />
127-->[com.stripe:paymentsheet:21.19.0] AndroidManifest.xml:72:17-69
127-->[com.stripe:paymentsheet:21.19.0] AndroidManifest.xml:72:25-66
128
129                <category android:name="android.intent.category.DEFAULT" />
129-->[com.stripe:paymentsheet:21.19.0] AndroidManifest.xml:74:17-76
129-->[com.stripe:paymentsheet:21.19.0] AndroidManifest.xml:74:27-73
130                <category android:name="android.intent.category.BROWSABLE" />
130-->[com.stripe:paymentsheet:21.19.0] AndroidManifest.xml:75:17-78
130-->[com.stripe:paymentsheet:21.19.0] AndroidManifest.xml:75:27-75
131
132                <data
132-->[com.stripe:paymentsheet:21.19.0] AndroidManifest.xml:77:17-80:51
133                    android:host="complete"
133-->[com.stripe:paymentsheet:21.19.0] AndroidManifest.xml:78:21-44
134                    android:path="/com.boomingarage.android"
134-->[com.stripe:paymentsheet:21.19.0] AndroidManifest.xml:79:21-53
135                    android:scheme="link-popup" />
135-->[com.stripe:paymentsheet:21.19.0] AndroidManifest.xml:80:21-48
136            </intent-filter>
137        </activity>
138        <activity
138-->[com.stripe:paymentsheet:21.19.0] AndroidManifest.xml:83:9-85:69
139            android:name="com.stripe.android.shoppay.ShopPayActivity"
139-->[com.stripe:paymentsheet:21.19.0] AndroidManifest.xml:84:13-70
140            android:theme="@style/StripePaymentSheetDefaultTheme" />
140-->[com.stripe:paymentsheet:21.19.0] AndroidManifest.xml:85:13-66
141        <activity
141-->[com.stripe:payments-ui-core:21.19.0] AndroidManifest.xml:8:9-11:69
142            android:name="com.stripe.android.ui.core.cardscan.CardScanActivity"
142-->[com.stripe:payments-ui-core:21.19.0] AndroidManifest.xml:9:13-80
143            android:exported="false"
143-->[com.stripe:payments-ui-core:21.19.0] AndroidManifest.xml:10:13-37
144            android:theme="@style/StripePaymentSheetDefaultTheme" />
144-->[com.stripe:payments-ui-core:21.19.0] AndroidManifest.xml:11:13-66
145        <activity
145-->[com.stripe:payments-core:21.19.0] AndroidManifest.xml:15:9-18:57
146            android:name="com.stripe.android.view.PaymentAuthWebViewActivity"
146-->[com.stripe:payments-core:21.19.0] AndroidManifest.xml:16:13-78
147            android:exported="false"
147-->[com.stripe:payments-core:21.19.0] AndroidManifest.xml:17:13-37
148            android:theme="@style/StripeDefaultTheme" />
148-->[com.stripe:payments-core:21.19.0] AndroidManifest.xml:18:13-54
149        <activity
149-->[com.stripe:payments-core:21.19.0] AndroidManifest.xml:19:9-22:61
150            android:name="com.stripe.android.view.PaymentRelayActivity"
150-->[com.stripe:payments-core:21.19.0] AndroidManifest.xml:20:13-72
151            android:exported="false"
151-->[com.stripe:payments-core:21.19.0] AndroidManifest.xml:21:13-37
152            android:theme="@style/StripeTransparentTheme" />
152-->[com.stripe:payments-core:21.19.0] AndroidManifest.xml:22:13-58
153        <!--
154        Set android:launchMode="singleTop" so that the StripeBrowserLauncherActivity instance that
155        launched the browser Activity will also handle the return URL deep link.
156        -->
157        <activity
157-->[com.stripe:payments-core:21.19.0] AndroidManifest.xml:28:9-32:61
158            android:name="com.stripe.android.payments.StripeBrowserLauncherActivity"
158-->[com.stripe:payments-core:21.19.0] AndroidManifest.xml:29:13-85
159            android:exported="false"
159-->[com.stripe:payments-core:21.19.0] AndroidManifest.xml:30:13-37
160            android:launchMode="singleTask"
160-->[com.stripe:payments-core:21.19.0] AndroidManifest.xml:31:13-44
161            android:theme="@style/StripeTransparentTheme" />
161-->[com.stripe:payments-core:21.19.0] AndroidManifest.xml:32:13-58
162        <activity
162-->[com.stripe:payments-core:21.19.0] AndroidManifest.xml:33:9-50:20
163            android:name="com.stripe.android.payments.StripeBrowserProxyReturnActivity"
163-->[com.stripe:payments-core:21.19.0] AndroidManifest.xml:34:13-88
164            android:exported="true"
164-->[com.stripe:payments-core:21.19.0] AndroidManifest.xml:35:13-36
165            android:launchMode="singleTask"
165-->[com.stripe:payments-core:21.19.0] AndroidManifest.xml:36:13-44
166            android:theme="@style/StripeTransparentTheme" >
166-->[com.stripe:payments-core:21.19.0] AndroidManifest.xml:37:13-58
167            <intent-filter>
167-->[com.stripe:payments-core:21.19.0] AndroidManifest.xml:38:13-49:29
168                <action android:name="android.intent.action.VIEW" />
168-->[com.stripe:paymentsheet:21.19.0] AndroidManifest.xml:72:17-69
168-->[com.stripe:paymentsheet:21.19.0] AndroidManifest.xml:72:25-66
169
170                <category android:name="android.intent.category.DEFAULT" />
170-->[com.stripe:paymentsheet:21.19.0] AndroidManifest.xml:74:17-76
170-->[com.stripe:paymentsheet:21.19.0] AndroidManifest.xml:74:27-73
171                <category android:name="android.intent.category.BROWSABLE" />
171-->[com.stripe:paymentsheet:21.19.0] AndroidManifest.xml:75:17-78
171-->[com.stripe:paymentsheet:21.19.0] AndroidManifest.xml:75:27-75
172
173                <!-- Must match `DefaultReturnUrl#value`. -->
174                <data
174-->[com.stripe:paymentsheet:21.19.0] AndroidManifest.xml:77:17-80:51
175                    android:host="payment_return_url"
175-->[com.stripe:paymentsheet:21.19.0] AndroidManifest.xml:78:21-44
176                    android:path="/com.boomingarage.android"
176-->[com.stripe:paymentsheet:21.19.0] AndroidManifest.xml:79:21-53
177                    android:scheme="stripesdk" />
177-->[com.stripe:paymentsheet:21.19.0] AndroidManifest.xml:80:21-48
178            </intent-filter>
179        </activity>
180        <activity
180-->[com.stripe:payments-core:21.19.0] AndroidManifest.xml:51:9-54:57
181            android:name="com.stripe.android.payments.core.authentication.threeds2.Stripe3ds2TransactionActivity"
181-->[com.stripe:payments-core:21.19.0] AndroidManifest.xml:52:13-114
182            android:exported="false"
182-->[com.stripe:payments-core:21.19.0] AndroidManifest.xml:53:13-37
183            android:theme="@style/StripeDefaultTheme" />
183-->[com.stripe:payments-core:21.19.0] AndroidManifest.xml:54:13-54
184        <activity
184-->[com.stripe:payments-core:21.19.0] AndroidManifest.xml:55:9-58:66
185            android:name="com.stripe.android.googlepaylauncher.GooglePayLauncherActivity"
185-->[com.stripe:payments-core:21.19.0] AndroidManifest.xml:56:13-90
186            android:exported="false"
186-->[com.stripe:payments-core:21.19.0] AndroidManifest.xml:57:13-37
187            android:theme="@style/StripeGooglePayDefaultTheme" />
187-->[com.stripe:payments-core:21.19.0] AndroidManifest.xml:58:13-63
188        <activity
188-->[com.stripe:payments-core:21.19.0] AndroidManifest.xml:59:9-62:66
189            android:name="com.stripe.android.googlepaylauncher.GooglePayPaymentMethodLauncherActivity"
189-->[com.stripe:payments-core:21.19.0] AndroidManifest.xml:60:13-103
190            android:exported="false"
190-->[com.stripe:payments-core:21.19.0] AndroidManifest.xml:61:13-37
191            android:theme="@style/StripeGooglePayDefaultTheme" />
191-->[com.stripe:payments-core:21.19.0] AndroidManifest.xml:62:13-63
192        <activity
192-->[com.stripe:payments-core:21.19.0] AndroidManifest.xml:63:9-66:68
193            android:name="com.stripe.android.payments.paymentlauncher.PaymentLauncherConfirmationActivity"
193-->[com.stripe:payments-core:21.19.0] AndroidManifest.xml:64:13-107
194            android:exported="false"
194-->[com.stripe:payments-core:21.19.0] AndroidManifest.xml:65:13-37
195            android:theme="@style/StripePayLauncherDefaultTheme" />
195-->[com.stripe:payments-core:21.19.0] AndroidManifest.xml:66:13-65
196        <activity
196-->[com.stripe:payments-core:21.19.0] AndroidManifest.xml:67:9-70:61
197            android:name="com.stripe.android.payments.bankaccount.ui.CollectBankAccountActivity"
197-->[com.stripe:payments-core:21.19.0] AndroidManifest.xml:68:13-97
198            android:exported="false"
198-->[com.stripe:payments-core:21.19.0] AndroidManifest.xml:69:13-37
199            android:theme="@style/StripeTransparentTheme" />
199-->[com.stripe:payments-core:21.19.0] AndroidManifest.xml:70:13-58
200        <activity
200-->[com.stripe:financial-connections-lite:21.19.0] AndroidManifest.xml:8:9-23:20
201            android:name="com.stripe.android.financialconnections.lite.FinancialConnectionsSheetLiteRedirectActivity"
201-->[com.stripe:financial-connections-lite:21.19.0] AndroidManifest.xml:9:13-118
202            android:exported="true"
202-->[com.stripe:financial-connections-lite:21.19.0] AndroidManifest.xml:10:13-36
203            android:launchMode="singleTask" >
203-->[com.stripe:financial-connections-lite:21.19.0] AndroidManifest.xml:11:13-44
204            <intent-filter>
204-->[com.stripe:financial-connections-lite:21.19.0] AndroidManifest.xml:12:13-22:29
205                <action android:name="android.intent.action.VIEW" />
205-->[com.stripe:paymentsheet:21.19.0] AndroidManifest.xml:72:17-69
205-->[com.stripe:paymentsheet:21.19.0] AndroidManifest.xml:72:25-66
206
207                <category android:name="android.intent.category.DEFAULT" />
207-->[com.stripe:paymentsheet:21.19.0] AndroidManifest.xml:74:17-76
207-->[com.stripe:paymentsheet:21.19.0] AndroidManifest.xml:74:27-73
208                <category android:name="android.intent.category.BROWSABLE" />
208-->[com.stripe:paymentsheet:21.19.0] AndroidManifest.xml:75:17-78
208-->[com.stripe:paymentsheet:21.19.0] AndroidManifest.xml:75:27-75
209
210                <data
210-->[com.stripe:paymentsheet:21.19.0] AndroidManifest.xml:77:17-80:51
211                    android:host="financial-connections-lite"
211-->[com.stripe:paymentsheet:21.19.0] AndroidManifest.xml:78:21-44
212                    android:pathPrefix="/com.boomingarage.android/auth_redirect"
213                    android:scheme="stripe" />
213-->[com.stripe:paymentsheet:21.19.0] AndroidManifest.xml:80:21-48
214            </intent-filter>
215        </activity>
216        <activity
216-->[com.stripe:financial-connections-lite:21.19.0] AndroidManifest.xml:24:9-26:69
217            android:name="com.stripe.android.financialconnections.lite.FinancialConnectionsSheetLiteActivity"
217-->[com.stripe:financial-connections-lite:21.19.0] AndroidManifest.xml:25:13-110
218            android:theme="@style/StripeBottomSheetActivityTheme" />
218-->[com.stripe:financial-connections-lite:21.19.0] AndroidManifest.xml:26:13-66
219        <activity
219-->[com.stripe:stripe-3ds2-android:21.19.0] AndroidManifest.xml:8:9-12:54
220            android:name="com.stripe.android.stripe3ds2.views.ChallengeActivity"
220-->[com.stripe:stripe-3ds2-android:21.19.0] AndroidManifest.xml:9:13-81
221            android:configChanges="orientation|screenSize"
221-->[com.stripe:stripe-3ds2-android:21.19.0] AndroidManifest.xml:10:13-59
222            android:exported="false"
222-->[com.stripe:stripe-3ds2-android:21.19.0] AndroidManifest.xml:11:13-37
223            android:theme="@style/Stripe3DS2Theme" /> <!-- Needs to be explicitly declared on P+ -->
223-->[com.stripe:stripe-3ds2-android:21.19.0] AndroidManifest.xml:12:13-51
224        <uses-library
224-->[com.google.android.gms:play-services-maps:19.0.0] AndroidManifest.xml:39:9-41:40
225            android:name="org.apache.http.legacy"
225-->[com.google.android.gms:play-services-maps:19.0.0] AndroidManifest.xml:40:13-50
226            android:required="false" />
226-->[com.google.android.gms:play-services-maps:19.0.0] AndroidManifest.xml:41:13-37
227
228        <service
228-->[com.google.firebase:firebase-firestore:25.1.0] AndroidManifest.xml:14:9-23:19
229            android:name="com.google.firebase.components.ComponentDiscoveryService"
229-->[com.google.firebase:firebase-firestore:25.1.0] AndroidManifest.xml:15:13-84
230            android:directBootAware="true"
230-->[com.google.firebase:firebase-common:21.0.0] AndroidManifest.xml:32:13-43
231            android:exported="false" >
231-->[com.google.firebase:firebase-firestore:25.1.0] AndroidManifest.xml:16:13-37
232            <meta-data
232-->[com.google.firebase:firebase-firestore:25.1.0] AndroidManifest.xml:17:13-19:85
233                android:name="com.google.firebase.components:com.google.firebase.firestore.FirebaseFirestoreKtxRegistrar"
233-->[com.google.firebase:firebase-firestore:25.1.0] AndroidManifest.xml:18:17-122
234                android:value="com.google.firebase.components.ComponentRegistrar" />
234-->[com.google.firebase:firebase-firestore:25.1.0] AndroidManifest.xml:19:17-82
235            <meta-data
235-->[com.google.firebase:firebase-firestore:25.1.0] AndroidManifest.xml:20:13-22:85
236                android:name="com.google.firebase.components:com.google.firebase.firestore.FirestoreRegistrar"
236-->[com.google.firebase:firebase-firestore:25.1.0] AndroidManifest.xml:21:17-111
237                android:value="com.google.firebase.components.ComponentRegistrar" />
237-->[com.google.firebase:firebase-firestore:25.1.0] AndroidManifest.xml:22:17-82
238            <meta-data
238-->[com.google.firebase:firebase-auth-ktx:23.0.0] AndroidManifest.xml:11:13-13:85
239                android:name="com.google.firebase.components:com.google.firebase.auth.ktx.FirebaseAuthLegacyRegistrar"
239-->[com.google.firebase:firebase-auth-ktx:23.0.0] AndroidManifest.xml:12:17-119
240                android:value="com.google.firebase.components.ComponentRegistrar" />
240-->[com.google.firebase:firebase-auth-ktx:23.0.0] AndroidManifest.xml:13:17-82
241            <meta-data
241-->[com.google.firebase:firebase-auth:23.0.0] AndroidManifest.xml:69:13-71:85
242                android:name="com.google.firebase.components:com.google.firebase.auth.FirebaseAuthRegistrar"
242-->[com.google.firebase:firebase-auth:23.0.0] AndroidManifest.xml:70:17-109
243                android:value="com.google.firebase.components.ComponentRegistrar" />
243-->[com.google.firebase:firebase-auth:23.0.0] AndroidManifest.xml:71:17-82
244            <meta-data
244-->[com.google.firebase:firebase-common-ktx:21.0.0] AndroidManifest.xml:12:13-14:85
245                android:name="com.google.firebase.components:com.google.firebase.ktx.FirebaseCommonLegacyRegistrar"
245-->[com.google.firebase:firebase-common-ktx:21.0.0] AndroidManifest.xml:13:17-116
246                android:value="com.google.firebase.components.ComponentRegistrar" />
246-->[com.google.firebase:firebase-common-ktx:21.0.0] AndroidManifest.xml:14:17-82
247            <meta-data
247-->[com.google.firebase:firebase-common:21.0.0] AndroidManifest.xml:35:13-37:85
248                android:name="com.google.firebase.components:com.google.firebase.FirebaseCommonKtxRegistrar"
248-->[com.google.firebase:firebase-common:21.0.0] AndroidManifest.xml:36:17-109
249                android:value="com.google.firebase.components.ComponentRegistrar" />
249-->[com.google.firebase:firebase-common:21.0.0] AndroidManifest.xml:37:17-82
250        </service>
251
252        <activity
252-->[com.google.firebase:firebase-auth:23.0.0] AndroidManifest.xml:29:9-46:20
253            android:name="com.google.firebase.auth.internal.GenericIdpActivity"
253-->[com.google.firebase:firebase-auth:23.0.0] AndroidManifest.xml:30:13-80
254            android:excludeFromRecents="true"
254-->[com.google.firebase:firebase-auth:23.0.0] AndroidManifest.xml:31:13-46
255            android:exported="true"
255-->[com.google.firebase:firebase-auth:23.0.0] AndroidManifest.xml:32:13-36
256            android:launchMode="singleTask"
256-->[com.google.firebase:firebase-auth:23.0.0] AndroidManifest.xml:33:13-44
257            android:theme="@android:style/Theme.Translucent.NoTitleBar" >
257-->[com.google.firebase:firebase-auth:23.0.0] AndroidManifest.xml:34:13-72
258            <intent-filter>
258-->[com.google.firebase:firebase-auth:23.0.0] AndroidManifest.xml:35:13-45:29
259                <action android:name="android.intent.action.VIEW" />
259-->[com.stripe:paymentsheet:21.19.0] AndroidManifest.xml:72:17-69
259-->[com.stripe:paymentsheet:21.19.0] AndroidManifest.xml:72:25-66
260
261                <category android:name="android.intent.category.DEFAULT" />
261-->[com.stripe:paymentsheet:21.19.0] AndroidManifest.xml:74:17-76
261-->[com.stripe:paymentsheet:21.19.0] AndroidManifest.xml:74:27-73
262                <category android:name="android.intent.category.BROWSABLE" />
262-->[com.stripe:paymentsheet:21.19.0] AndroidManifest.xml:75:17-78
262-->[com.stripe:paymentsheet:21.19.0] AndroidManifest.xml:75:27-75
263
264                <data
264-->[com.stripe:paymentsheet:21.19.0] AndroidManifest.xml:77:17-80:51
265                    android:host="firebase.auth"
265-->[com.stripe:paymentsheet:21.19.0] AndroidManifest.xml:78:21-44